# Iteration 2 Log

## Metadata

- **Task ID**: US-002
- **Task Title**: Initialize Go fixture suite scaffolding
- **Description**: As a maintainer, I want Go-focused third-party fixture suite scaffolding so failures are isolated and actionable in this phase.
- **Status**: completed
- **Task Completed**: Yes
- **Promise Detected**: Yes
- **Started At**: 2026-03-17T03:02:15.698Z
- **Ended At**: 2026-03-17T03:05:40.875Z
- **Duration**: 3m 25s
- **Agent**: opencode
- **Sandbox Mode**: auto
- **Sandbox Network**: Enabled
--- RAW OUTPUT ---
[94m[read][0m
[94m[glob][0m [95m/home/ineersa/projects/html2markdown[0m pattern: [96m**/.ralph-tui/progress.md[0m
[94m[glob][0m [95m/home/ineersa/projects/html2markdown[0m pattern: [96mtests/**/*.php[0m
[94m[glob][0m [95m/home/ineersa/projects/html2markdown[0m pattern: [96mphpunit*.xml*[0m
[94m[read][0m
[94m[read][0m
[94m[read][0m
[94m[read][0m
[94m[read][0m
[94m[read][0m
[94m[read][0m
[94m[read][0m
[94m[apply_patch][0m
[94m[apply_patch][0m
[94m[read][0m
[94m[apply_patch][0m
[94m[apply_patch][0m
[94m[apply_patch][0m
[94m[bash][0m Runs PHP CS fixer checks and fixes $ composer run cs-fix
[94m[read][0m
[94m[bash][0m Runs Rust fixtures PHPUnit suite $ vendor/bin/phpunit --testsuite "Rust Fixtures Suite"
[94m[bash][0m Runs Utils PHPUnit test suite $ vendor/bin/phpunit --testsuite "Utils Suite"
[94m[bash][0m Runs full PHPUnit testdox suite $ composer run tests
[94m[bash][0m Runs third-party fixtures PHPUnit suite $ vendor/bin/phpunit --testsuite "Third Party Fixtures Suite"
[94m[bash][0m Runs PHP fixtures PHPUnit suite $ vendor/bin/phpunit --testsuite "PHP Fixtures Suite"
[94m[apply_patch][0m
[94m[bash][0m Runs PHP CS fixer after test updates $ composer run cs-fix
[94m[bash][0m Verifies Rust fixtures suite passes $ vendor/bin/phpunit --testsuite "Rust Fixtures Suite"
[94m[bash][0m Verifies Utils suite passes $ vendor/bin/phpunit --testsuite "Utils Suite"
[94m[bash][0m Verifies Third Party fixtures suite passes $ vendor/bin/phpunit --testsuite "Third Party Fixtures Suite"
[94m[bash][0m Verifies PHP fixtures suite passes $ vendor/bin/phpunit --testsuite "PHP Fixtures Suite"
[94m[bash][0m Runs full PHPUnit suite again $ composer run tests
[94m[bash][0m Runs PHPStan static analysis $ composer run phpstan
[94m[apply_patch][0m
[94m[bash][0m Re-runs third-party fixture suite $ vendor/bin/phpunit --testsuite "Third Party Fixtures Suite"
[94m[bash][0m Re-runs PHPStan after fix $ composer run phpstan
[94m[bash][0m Re-runs full test suite final check $ composer run tests
[94m[bash][0m Final Utils suite verification $ vendor/bin/phpunit --testsuite "Utils Suite"
[94m[bash][0m Final Rust suite verification $ vendor/bin/phpunit --testsuite "Rust Fixtures Suite"
[94m[bash][0m Final Third Party suite verification $ vendor/bin/phpunit --testsuite "Third Party Fixtures Suite"
[94m[bash][0m Final PHP suite verification $ vendor/bin/phpunit --testsuite "PHP Fixtures Suite"
[94m[bash][0m Shows modified files after implementation $ git status --short
Implemented US-002 by adding a Go-only third-party fixture test scaffold that is runnable now and ready for fixture import.

- Added a new PHPUnit suite entry `Third Party Fixtures Suite` in `phpunit.dist.xml:27`.
- Added `tests/ThirdPartyGoFixturesTest.php:12` with:
  - Go fixture discovery under `tests/files/thirdPartyFixtures/go`
  - `.html` -> `.md` pair resolution and conversion assertion
  - clear fixture IDs in provider keys/messages (`go/<sourceLibrary>/<fixturePath>`) for actionable failures
  - a root-directory smoke test so the suite is stable before imports land
  - scaffold behavior that skips the fixture assertion test when no Go fixtures exist yet (instead of erroring).
- Appended progress notes for this story in `.ralph-tui/progress.md:6` and `.ralph-tui/progress.md:32`, including learnings and a reusable pattern update.

Validation run:
- `composer run cs-fix` ✅
- `composer run phpstan` ✅
- `composer run tests` ✅ (1 expected skipped scaffold test)
- `vendor/bin/phpunit --testsuite "Rust Fixtures Suite"` ✅
- `vendor/bin/phpunit --testsuite "PHP Fixtures Suite"` ✅
- `vendor/bin/phpunit --testsuite "Utils Suite"` ✅
- `vendor/bin/phpunit --testsuite "Third Party Fixtures Suite"` ✅ (1 expected skipped scaffold test)

<promise>COMPLETE</promise>
