# Iteration 3 Log

## Metadata

- **Task ID**: US-003
- **Task Title**: Implement deterministic normalization + required mismatch bucketing
- **Description**: As a maintainer, I want deterministic comparison and categorized diffs so parity work is actionable.
- **Status**: completed
- **Task Completed**: Yes
- **Promise Detected**: Yes
- **Started At**: 2026-03-17T03:05:41.978Z
- **Ended At**: 2026-03-17T03:07:59.407Z
- **Duration**: 2m 17s
- **Agent**: opencode
- **Sandbox Mode**: auto
- **Sandbox Network**: Enabled
--- RAW OUTPUT ---
[94m[glob][0m [95m/home/ineersa/projects/html2markdown[0m pattern: [96mtests/**/*Third*Fixture*.php[0m
[94m[glob][0m [95m/home/ineersa/projects/html2markdown[0m pattern: [96mtests/**/*third*fixture*[0m
[94m[read][0m
[94m[read][0m
[94m[read][0m
[94m[read][0m
[94m[grep][0m [95m/home/ineersa/projects/html2markdown/tests[0m pattern: [96mcleanupEol|getBaseline|blank|normalize|bucket|divergence[0m
[94m[glob][0m [95m/home/ineersa/projects/html2markdown[0m pattern: [96mtests/*Test.php[0m
[94m[apply_patch][0m
[94m[apply_patch][0m
[94m[bash][0m Run formatting and required PHPUnit quality gates $ composer run cs-fix && composer run tests && vendor/bin/phpunit --testsuite "Rust Fixtures Suite" &&...
[94m[read][0m
[94m[bash][0m Run PHPStan static analysis $ composer run phpstan
[94m[bash][0m Show concise working tree changes $ git status --short
[94m[bash][0m Show diffs for modified story files $ git diff -- tests/ThirdPartyGoFixturesTest.php .ralph-tui/progress.md
Implemented US-003 in the Go third-party fixture suite by adding deterministic normalization and strict mismatch bucketing enforcement.

- Updated `tests/ThirdPartyGoFixturesTest.php` to normalize both expected and actual output before comparison via:
  - LF-only line endings (`\r\n` and `\r` -> `\n`)
  - trailing whitespace trim per line
  - bounded blank-line collapse (`3+` newlines -> `2`)
- Added required bucket support and validation in `tests/ThirdPartyGoFixturesTest.php` with allowed values:
  - `whitespace`, `list_shape`, `emphasis_style`, `autolink_policy`, `escaping`, `table_format`, `entity_handling`, `parser_bug`, `unclassified`
- Enforced “exactly one bucket per mismatch” behavior by requiring divergence metadata on mismatches and rejecting malformed entries (including plural `buckets` field).
- Added metadata-backed style-only mismatch handling in `tests/ThirdPartyGoFixturesTest.php` (`style_only` / `styleOnly`) so style-only diffs can be tracked without forcing converter changes.
- Appended US-003 implementation notes and learnings to `.ralph-tui/progress.md`, and added a reusable pattern to the top “Codebase Patterns” section.

Quality checks run and passing:

- `composer run cs-fix`
- `composer run tests`
- `vendor/bin/phpunit --testsuite "Rust Fixtures Suite"`
- `vendor/bin/phpunit --testsuite "PHP Fixtures Suite"`
- `vendor/bin/phpunit --testsuite "Utils Suite"`
- `vendor/bin/phpunit --testsuite "Third Party Fixtures Suite"`
- `composer run phpstan`

No git commit created.

<promise>COMPLETE</promise>
