# Iteration 6 Log

## Metadata

- **Task ID**: US-004
- **Task Title**: Import all Go GoldenFiles from upstream main snapshot
- **Description**: As a maintainer, I want all selected Go GoldenFiles imported so we can benchmark against a high-value corpus immediately.
- **Status**: completed
- **Task Completed**: No
- **Promise Detected**: No
- **Started At**: 2026-03-17T03:10:48.000Z
- **Ended At**: 2026-03-17T03:11:35.694Z
- **Duration**: 47s
- **Agent**: opencode
- **Sandbox Mode**: auto
- **Sandbox Network**: Enabled
--- RAW OUTPUT ---
[94m[glob][0m [95m/home/ineersa/projects/html2markdown/.ralph-tui[0m pattern: [96m**/*[0m
[94m[glob][0m [95m/home/ineersa/projects/html2markdown[0m pattern: [96mtests/files/thirdPartyFixtures/**[0m
[94m[glob][0m [95m/home/ineersa/projects/html2markdown[0m pattern: [96mtests/**/*Third*Fixture*Test.php[0m
[94m[grep][0m [95m/home/ineersa/projects/html2markdown/tests[0m pattern: [96mthirdPartyFixtures|Third Party Fixtures|divergence|GoldenFiles|go fixtures[0m
[94m[read][0m
[94m[read][0m
[94m[read][0m
[94m[read][0m
[94m[grep][0m [95m/home/ineersa/projects/html2markdown[0m pattern: [96mupstream|mapping|thirdPartyFixtures|GoldenFiles|fixture map[0m
[94m[glob][0m [95m/home/ineersa/projects/html2markdown[0m pattern: [96mtests/files/thirdPartyFixtures/**/*.json[0m
[94m[glob][0m [95m/home/ineersa/projects/html2markdown[0m pattern: [96mplans/*.md[0m
[94m[read][0m
[94m[read][0m
[94m[bash][0m Verify Go fixture root directory exists $ ls -la "tests/files/thirdPartyFixtures/go"
[94m[bash][0m Clone upstream repo and get HEAD SHA $ rm -rf "/tmp/html-to-markdown-upstream" && git clone --depth 1 "https://github.com/JohannesKaufmann/...
[94m[glob][0m [95m/tmp/html-to-markdown-upstream[0m pattern: [96mplugin/commonmark/testdata/GoldenFiles/*.in.html[0m
[94m[glob][0m [95m/tmp/html-to-markdown-upstream[0m pattern: [96mplugin/table/testdata/GoldenFiles/*.in.html[0m
[94m[glob][0m [95m/tmp/html-to-markdown-upstream[0m pattern: [96mplugin/strikethrough/testdata/GoldenFiles/*.in.html[0m

--- STDERR ---
[93m[1m! [0mpermission requested: external_directory (/tmp/html-to-markdown-upstream/*); auto-rejecting
[93m[1m! [0mpermission requested: external_directory (/tmp/html-to-markdown-upstream/*); auto-rejecting
[93m[1m! [0mpermission requested: external_directory (/tmp/html-to-markdown-upstream/*); auto-rejecting
