# Iteration 4 Log

## Metadata

- **Task ID**: US-004
- **Task Title**: Import all Go GoldenFiles from upstream main snapshot
- **Description**: As a maintainer, I want all selected Go GoldenFiles imported so we can benchmark against a high-value corpus immediately.
- **Status**: completed
- **Task Completed**: No
- **Promise Detected**: No
- **Started At**: 2026-03-17T03:08:00.508Z
- **Ended At**: 2026-03-17T03:09:39.856Z
- **Duration**: 1m 39s
- **Agent**: opencode
- **Sandbox Mode**: auto
- **Sandbox Network**: Enabled
--- RAW OUTPUT ---
[94m[glob][0m pattern: [96mtests/files/thirdPartyFixtures/**/*[0m
[94m[read][0m
[94m[read][0m
[94m[read][0m
[94m[read][0m
[94m[bash][0m List remote heads for goldmark repository $ git ls-remote --heads https://github.com/yuin/goldmark.git
[94m[bash][0m Verify temporary directory exists $ ls "/tmp"
[94m[bash][0m Clone goldmark repository shallow copy $ rm -rf "/tmp/goldmark-us004" && git clone --depth 1 https://github.com/yuin/goldmark.git "/tmp/goldm...
[94m[bash][0m Get cloned goldmark commit SHA $ git -C "/tmp/goldmark-us004" rev-parse HEAD
[94m[bash][0m List commonmark golden fixture files $ ls "/tmp/goldmark-us004/plugin/commonmark/testdata/GoldenFiles"
[94m[bash][0m List table golden fixture files $ ls "/tmp/goldmark-us004/plugin/table/testdata/GoldenFiles"
[94m[bash][0m List strikethrough golden fixture files $ ls "/tmp/goldmark-us004/plugin/strikethrough/testdata/GoldenFiles"
[94m[bash][0m List plugin directories in goldmark $ ls "/tmp/goldmark-us004/plugin"
[94m[bash][0m List top-level files in cloned repo $ ls "/tmp/goldmark-us004"
[94m[bash][0m Search cloned repo for GoldenFiles paths $ rg --files "/tmp/goldmark-us004" -g '*GoldenFiles*'
[94m[glob][0m [95m/tmp/goldmark-us004[0m pattern: [96m**/*GoldenFiles*[0m

--- STDERR ---
[93m[1m! [0mpermission requested: external_directory (/tmp/goldmark-us004/*); auto-rejecting
