# Iteration 5 Log

## Metadata

- **Task ID**: US-004
- **Task Title**: Import all Go GoldenFiles from upstream main snapshot
- **Description**: As a maintainer, I want all selected Go GoldenFiles imported so we can benchmark against a high-value corpus immediately.
- **Status**: completed
- **Task Completed**: No
- **Promise Detected**: No
- **Started At**: 2026-03-17T03:09:40.893Z
- **Ended At**: 2026-03-17T03:10:46.944Z
- **Duration**: 1m 6s
- **Agent**: opencode
- **Sandbox Mode**: auto
- **Sandbox Network**: Enabled
--- RAW OUTPUT ---
[94m[glob][0m pattern: [96mtests/files/thirdPartyFixtures/**[0m
[94m[glob][0m pattern: [96m**/.ralph-tui/progress.md[0m
[94m[read][0m
[94m[read][0m
[94m[read][0m
[94m[read][0m
[94m[grep][0m [95m/home/ineersa/projects/html2markdown[0m pattern: [96mthirdPartyFixtures|divergence_buckets|upstream|fixture mapping|source path[0m
[94m[bash][0m Verify Go fixture root exists $ ls -la "tests/files/thirdPartyFixtures/go"
[94m[bash][0m Clone goldmark and capture commit SHA $ rm -rf /tmp/goldmark && git clone --depth 1 https://github.com/yuin/goldmark.git /tmp/goldmark && gi...
[94m[bash][0m Count upstream GoldenFiles pairs $ python - <<'PY' from pathlib import Path base=Path('/tmp/goldmark') paths=[ 'plugin/commonmark/testd...
[94m[bash][0m Count upstream fixture pairs with PHP $ } }'
[94m[bash][0m Inspect upstream GoldenFiles directories $ ls -la "/tmp/goldmark/plugin/commonmark/testdata/GoldenFiles" && ls -la "/tmp/goldmark/plugin/table/...
[94m[glob][0m [95m/tmp/goldmark[0m pattern: [96m**/GoldenFiles[0m

--- STDERR ---
[93m[1m! [0mpermission requested: external_directory (/tmp/goldmark/*); auto-rejecting
