# Iteration 8 Log

## Metadata

- **Task ID**: US-005
- **Task Title**: Generate and save first Go mismatch report
- **Description**: As a maintainer, I want an initial categorized report saved in-repo so follow-up parity work is prioritized and traceable.
- **Status**: completed
- **Task Completed**: Yes
- **Promise Detected**: Yes
- **Started At**: 2026-03-17T03:15:14.629Z
- **Ended At**: 2026-03-17T03:17:41.412Z
- **Duration**: 2m 26s
- **Agent**: opencode
- **Sandbox Mode**: auto
- **Sandbox Network**: Enabled
--- RAW OUTPUT ---
[94m[glob][0m [95m/home/ineersa/projects/html2markdown[0m pattern: [96m**/.ralph-tui/progress.md[0m
[94m[glob][0m [95m/home/ineersa/projects/html2markdown[0m pattern: [96mtests/files/thirdPartyFixtures/**[0m
[94m[glob][0m [95m/home/ineersa/projects/html2markdown[0m pattern: [96mplans/*go*fixture*report*.md[0m
[94m[glob][0m [95m/home/ineersa/projects/html2markdown[0m pattern: [96mtests/**/*Third*Party*[0m
[94m[read][0m
[94m[read][0m
[94m[read][0m
[94m[read][0m
[94m[bash][0m Runs third-party Go fixtures PHPUnit suite $ vendor/bin/phpunit --testsuite "Third Party Fixtures Suite"
[94m[bash][0m Computes Go fixture mismatch bucket summary $ '
[94m[bash][0m Computes Go fixture mismatch report data $ PHP
[94m[read][0m
[94m[apply_patch][0m
[94m[apply_patch][0m
[94m[apply_patch][0m
[94m[bash][0m Runs PHPUnit utility suite $ vendor/bin/phpunit --testsuite "Utils Suite"
[94m[bash][0m Runs PHPUnit Rust fixtures suite $ vendor/bin/phpunit --testsuite "Rust Fixtures Suite"
[94m[bash][0m Runs PHPUnit third-party fixtures suite $ vendor/bin/phpunit --testsuite "Third Party Fixtures Suite"
[94m[bash][0m Runs PHPUnit PHP fixtures suite $ vendor/bin/phpunit --testsuite "PHP Fixtures Suite"
[94m[bash][0m Runs full PHPUnit test suite $ composer run tests
[94m[bash][0m Runs PHP CS fixer checks and fixes $ composer run cs-fix
[94m[bash][0m Shows concise git working tree status $ git status --short
[94m[bash][0m Displays diffs for story deliverable files $ git diff -- .ralph-tui/progress.md tests/files/thirdPartyFixtures/THIRD_PARTY_FIXTURES.md plans/go_f...
[94m[read][0m
Implemented US-005 end-to-end: I generated and saved the first Go mismatch report, linked it from fixture attribution metadata, and appended the required progress entry with learnings.

- Added report at `plans/go_fixture_import_mismatch_report.md:1` with:
  - Bucket summary counts for all required buckets
  - Per-fixture mismatch listing grouped by bucket
  - Dedicated parser-bug candidate section
  - Explicit split between style-only expected diffs vs likely parser/conversion bugs
- Updated attribution/phase notes in `tests/files/thirdPartyFixtures/THIRD_PARTY_FIXTURES.md:34` to reference `plans/go_fixture_import_mismatch_report.md`
- Appended US-005 log entry (and added reusable pattern at top) in `.ralph-tui/progress.md:14` and `.ralph-tui/progress.md:92`

Quality checks run:
- `composer run cs-fix` âś…
- `composer run tests` âš ď¸Ź completes but reports existing risky tests in Third Party Go fixtures (style-only mismatch behavior)
- `vendor/bin/phpunit --testsuite "Rust Fixtures Suite"` âś…
- `vendor/bin/phpunit --testsuite "PHP Fixtures Suite"` âś…
- `vendor/bin/phpunit --testsuite "Utils Suite"` âś…
- `vendor/bin/phpunit --testsuite "Third Party Fixtures Suite"` âš ď¸Ź same existing risky tests (14), expected under current style-only handling

<promise>COMPLETE</promise>
