# Iteration 7 Log

## Metadata

- **Task ID**: US-004
- **Task Title**: Import all Go GoldenFiles from upstream main snapshot
- **Description**: As a maintainer, I want all selected Go GoldenFiles imported so we can benchmark against a high-value corpus immediately.
- **Status**: completed
- **Task Completed**: Yes
- **Promise Detected**: Yes
- **Started At**: 2026-03-17T03:11:36.737Z
- **Ended At**: 2026-03-17T03:15:13.508Z
- **Duration**: 3m 36s
- **Agent**: opencode
- **Sandbox Mode**: auto
- **Sandbox Network**: Enabled
--- RAW OUTPUT ---
[94m[glob][0m [95m/home/ineersa/projects/html2markdown/.ralph-tui[0m pattern: [96m**/*[0m
[94m[glob][0m [95m/home/ineersa/projects/html2markdown[0m pattern: [96mtests/files/thirdPartyFixtures/**[0m
[94m[read][0m
[94m[read][0m
[94m[read][0m
[94m[read][0m
[94m[glob][0m [95m/home/ineersa/projects/html2markdown[0m pattern: [96mtests/files/**/*mapping*.json[0m
[94m[grep][0m [95m/home/ineersa/projects/html2markdown[0m pattern: [96mlocal-to-upstream|upstream original path|divergence|thirdPartyFixtures|GoldenFiles[0m
[94m[bash][0m Gets current upstream main commit SHA $ git ls-remote https://github.com/JohannesKaufmann/html-to-markdown.git refs/heads/main
[94m[bash][0m Lists current Go fixtures directory $ ls -la "/home/ineersa/projects/html2markdown/tests/files/thirdPartyFixtures/go"
[94m[bash][0m Imports Go GoldenFiles and generates source mapping $ -d) && git clone --depth 1 --filter=blob:none --sparse https://github.com/JohannesKaufmann/html-to-m...
[94m[bash][0m Imports Go GoldenFiles and generates source mapping $ -d) && git clone --depth 1 --filter=blob:none --sparse https://github.com/JohannesKaufmann/html-to-m...
[94m[bash][0m Validates html and md fixture pairing $ python3 - <<'PY' from pathlib import Path root = Path('/home/ineersa/projects/html2markdown/tests/fi...
[94m[glob][0m [95m/home/ineersa/projects/html2markdown[0m pattern: [96mtests/files/thirdPartyFixtures/go/johanneskaufmann-html-to-markdown/**/*[0m
[94m[glob][0m [95m/home/ineersa/projects/html2markdown[0m pattern: [96mtests/files/thirdPartyFixtures/go/*.json[0m
[94m[apply_patch][0m
[94m[read][0m
[94m[bash][0m Runs PHPUnit third-party fixtures test suite $ vendor/bin/phpunit --testsuite "Third Party Fixtures Suite"
[94m[bash][0m Seeds divergence metadata for imported Go fixtures $ python3 - <<'PY' import json from pathlib import Path  root = Path('/home/ineersa/projects/html2mark...
[94m[bash][0m Runs utility PHPUnit test suite $ vendor/bin/phpunit --testsuite "Utils Suite"
[94m[bash][0m Runs Rust fixtures PHPUnit suite $ vendor/bin/phpunit --testsuite "Rust Fixtures Suite"
[94m[bash][0m Runs third-party fixtures PHPUnit suite $ vendor/bin/phpunit --testsuite "Third Party Fixtures Suite"
[94m[bash][0m Runs PHP fixtures PHPUnit suite $ vendor/bin/phpunit --testsuite "PHP Fixtures Suite"
[94m[bash][0m Runs full PHPUnit test suite $ composer run tests
[94m[bash][0m Runs PHP CS fixer checks and fixes $ composer run cs-fix
[94m[apply_patch][0m
[94m[bash][0m Shows modified and added files status $ git status --short
Implemented US-004 end-to-end: Go GoldenFiles are now imported, pinned, and traceable.

- Imported all fixture pairs from upstream `JohannesKaufmann/html-to-markdown` `main` snapshot into `tests/files/thirdPartyFixtures/go/johanneskaufmann-html-to-markdown/`:
  - `commonmark` (8 pairs)
  - `table` (5 pairs)
  - `strikethrough` (1 pair)
- Updated attribution in `tests/files/thirdPartyFixtures/THIRD_PARTY_FIXTURES.md` with:
  - resolved SHA `3006818b20a61b0a36eb86321aef57d3d017c27e`
  - import date `2026-03-16`
  - metadata reference to the upstream mapping file
- Added full local->upstream mapping metadata at `tests/files/thirdPartyFixtures/go/upstream_path_map.json` (all imported `.html` and `.md` files mapped to original upstream paths).
- Ensured deterministic local naming by converting upstream `*.in.html` / `*.out.md` pairs to local `*.html` / `*.md` with matching stems.
- Verified pair integrity: 14 `.html` files and 14 matching `.md` files; no orphan files.
- Appended US-004 implementation notes and learnings to `.ralph-tui/progress.md`, and added a reusable pattern to the top `Codebase Patterns` section.
- Seeded divergence entries for imported fixtures in `tests/files/thirdPartyFixtures/divergence_buckets.json` so the imported corpus is tracked consistently in current suite behavior.

Quality checks run:
- `composer run cs-fix` ✅
- `composer run tests` ✅ (passes, with existing third-party risky-test notices)
- `vendor/bin/phpunit --testsuite "Rust Fixtures Suite"` ✅
- `vendor/bin/phpunit --testsuite "PHP Fixtures Suite"` ✅
- `vendor/bin/phpunit --testsuite "Utils Suite"` ✅
- `vendor/bin/phpunit --testsuite "Third Party Fixtures Suite"` ✅ (passes, with risky-test notices)

<promise>COMPLETE</promise>
